0 info it worked if it ends with ok
1 verbose cli [ 'D:\\Program Files\\nodejs\\node.exe',
1 verbose cli   'D:\\Program Files\\nodejs\\node_modules\\npm\\bin\\npm-cli.js',
1 verbose cli   'install',
1 verbose cli   'node' ]
2 info using npm@3.10.10
3 info using node@v6.11.2
4 silly loadCurrentTree Starting
5 silly install loadCurrentTree
6 silly install readLocalPackageData
7 silly fetchPackageMetaData node
8 silly fetchNamedPackageData node
9 silly mapToRegistry name node
10 silly mapToRegistry using default registry
11 silly mapToRegistry registry https://registry.npmjs.org/
12 silly mapToRegistry data Result {
12 silly mapToRegistry   raw: 'node',
12 silly mapToRegistry   scope: null,
12 silly mapToRegistry   escapedName: 'node',
12 silly mapToRegistry   name: 'node',
12 silly mapToRegistry   rawSpec: '',
12 silly mapToRegistry   spec: 'latest',
12 silly mapToRegistry   type: 'tag' }
13 silly mapToRegistry uri https://registry.npmjs.org/node
14 verbose request uri https://registry.npmjs.org/node
15 verbose request no auth needed
16 info attempt registry request try #1 at 20:40:01
17 verbose request id 2a0e31c13f26ab2e
18 http request GET https://registry.npmjs.org/node
19 http 200 https://registry.npmjs.org/node
20 verbose headers { server: 'nginx/1.10.3',
20 verbose headers   'content-type': 'application/json',
20 verbose headers   'last-modified': 'Thu, 09 Nov 2017 05:54:35 GMT',
20 verbose headers   etag: 'W/"5a03ed9b-50e9a"',
20 verbose headers   'content-encoding': 'gzip',
20 verbose headers   'cache-control': 'max-age=300',
20 verbose headers   'content-length': '53452',
20 verbose headers   'accept-ranges': 'bytes',
20 verbose headers   date: 'Wed, 15 Nov 2017 23:39:59 GMT',
20 verbose headers   via: '1.1 varnish',
20 verbose headers   age: '34',
20 verbose headers   connection: 'keep-alive',
20 verbose headers   'x-served-by': 'cache-gru17126-GRU',
20 verbose headers   'x-cache': 'HIT',
20 verbose headers   'x-cache-hits': '1',
20 verbose headers   'x-timer': 'S1510789200.799489,VS0,VE3',
20 verbose headers   vary: 'Accept-Encoding, Accept' }
21 silly get cb [ 200,
21 silly get   { server: 'nginx/1.10.3',
21 silly get     'content-type': 'application/json',
21 silly get     'last-modified': 'Thu, 09 Nov 2017 05:54:35 GMT',
21 silly get     etag: 'W/"5a03ed9b-50e9a"',
21 silly get     'content-encoding': 'gzip',
21 silly get     'cache-control': 'max-age=300',
21 silly get     'content-length': '53452',
21 silly get     'accept-ranges': 'bytes',
21 silly get     date: 'Wed, 15 Nov 2017 23:39:59 GMT',
21 silly get     via: '1.1 varnish',
21 silly get     age: '34',
21 silly get     connection: 'keep-alive',
21 silly get     'x-served-by': 'cache-gru17126-GRU',
21 silly get     'x-cache': 'HIT',
21 silly get     'x-cache-hits': '1',
21 silly get     'x-timer': 'S1510789200.799489,VS0,VE3',
21 silly get     vary: 'Accept-Encoding, Accept' } ]
22 verbose get saving node to C:\Users\mauri\AppData\Roaming\npm-cache\registry.npmjs.org\node\.cache.json
23 verbose correctMkdir C:\Users\mauri\AppData\Roaming\npm-cache correctMkdir not in flight; initializing
24 silly install normalizeTree
25 silly loadCurrentTree Finishing
26 silly loadIdealTree Starting
27 silly install loadIdealTree
28 silly cloneCurrentTree Starting
29 silly install cloneCurrentTreeToIdealTree
30 silly cloneCurrentTree Finishing
31 silly loadShrinkwrap Starting
32 silly install loadShrinkwrap
33 silly loadShrinkwrap Finishing
34 silly loadAllDepsIntoIdealTree Starting
35 silly install loadAllDepsIntoIdealTree
36 silly resolveWithNewModule node@9.1.0 checking installable status
37 silly cache add args [ 'node', null ]
38 verbose cache add spec node
39 silly cache add parsed spec Result {
39 silly cache add   raw: 'node',
39 silly cache add   scope: null,
39 silly cache add   escapedName: 'node',
39 silly cache add   name: 'node',
39 silly cache add   rawSpec: '',
39 silly cache add   spec: 'latest',
39 silly cache add   type: 'tag' }
40 silly addNamed node@latest
41 verbose addNamed "latest" is being treated as a dist-tag for node
42 info addNameTag [ 'node', 'latest' ]
43 silly mapToRegistry name node
44 silly mapToRegistry using default registry
45 silly mapToRegistry registry https://registry.npmjs.org/
46 silly mapToRegistry data Result {
46 silly mapToRegistry   raw: 'node',
46 silly mapToRegistry   scope: null,
46 silly mapToRegistry   escapedName: 'node',
46 silly mapToRegistry   name: 'node',
46 silly mapToRegistry   rawSpec: '',
46 silly mapToRegistry   spec: 'latest',
46 silly mapToRegistry   type: 'tag' }
47 silly mapToRegistry uri https://registry.npmjs.org/node
48 verbose addNameTag registry:https://registry.npmjs.org/node not in flight; fetching
49 verbose get https://registry.npmjs.org/node not expired, no request
50 silly addNameTag next cb for node with tag latest
51 silly addNamed node@9.1.0
52 verbose addNamed "9.1.0" is a plain semver version for node
53 silly mapToRegistry name node
54 silly mapToRegistry using default registry
55 silly mapToRegistry registry https://registry.npmjs.org/
56 silly mapToRegistry data Result {
56 silly mapToRegistry   raw: 'node',
56 silly mapToRegistry   scope: null,
56 silly mapToRegistry   escapedName: 'node',
56 silly mapToRegistry   name: 'node',
56 silly mapToRegistry   rawSpec: '',
56 silly mapToRegistry   spec: 'latest',
56 silly mapToRegistry   type: 'tag' }
57 silly mapToRegistry uri https://registry.npmjs.org/node
58 verbose addRemoteTarball https://registry.npmjs.org/node/-/node-9.1.0.tgz not in flight; adding
59 verbose addRemoteTarball [ 'https://registry.npmjs.org/node/-/node-9.1.0.tgz',
59 verbose addRemoteTarball   '5a5dd0a8edbcaae8ed18985f6b50ca029745ab89' ]
60 info retry fetch attempt 1 at 20:40:02
61 info attempt registry request try #1 at 20:40:02
62 http fetch GET https://registry.npmjs.org/node/-/node-9.1.0.tgz
63 http fetch 200 https://registry.npmjs.org/node/-/node-9.1.0.tgz
64 silly fetchAndShaCheck shasum 5a5dd0a8edbcaae8ed18985f6b50ca029745ab89
65 verbose addTmpTarball C:\Users\mauri\AppData\Local\Temp\npm-13648-feb92843\registry.npmjs.org\node\-\node-9.1.0.tgz not in flight; adding
66 verbose addTmpTarball already have metadata; skipping unpack for node@9.1.0
67 verbose correctMkdir C:\Users\mauri\AppData\Roaming\npm-cache correctMkdir not in flight; initializing
68 silly cache afterAdd node@9.1.0
69 verbose afterAdd C:\Users\mauri\AppData\Roaming\npm-cache\node\9.1.0\package\package.json not in flight; writing
70 verbose correctMkdir C:\Users\mauri\AppData\Roaming\npm-cache correctMkdir not in flight; initializing
71 verbose afterAdd C:\Users\mauri\AppData\Roaming\npm-cache\node\9.1.0\package\package.json written
72 silly fetchNamedPackageData node-bin-setup
73 silly mapToRegistry name node-bin-setup
74 silly mapToRegistry using default registry
75 silly mapToRegistry registry https://registry.npmjs.org/
76 silly mapToRegistry data Result {
76 silly mapToRegistry   raw: 'node-bin-setup',
76 silly mapToRegistry   scope: null,
76 silly mapToRegistry   escapedName: 'node-bin-setup',
76 silly mapToRegistry   name: 'node-bin-setup',
76 silly mapToRegistry   rawSpec: '',
76 silly mapToRegistry   spec: 'latest',
76 silly mapToRegistry   type: 'tag' }
77 silly mapToRegistry uri https://registry.npmjs.org/node-bin-setup
78 verbose request uri https://registry.npmjs.org/node-bin-setup
79 verbose request no auth needed
80 info attempt registry request try #1 at 20:40:02
81 http request GET https://registry.npmjs.org/node-bin-setup
82 http 200 https://registry.npmjs.org/node-bin-setup
83 verbose headers { server: 'nginx/1.10.1',
83 verbose headers   'content-type': 'application/json',
83 verbose headers   'last-modified': 'Tue, 25 Jul 2017 03:32:58 GMT',
83 verbose headers   etag: 'W/"5976bbea-1511"',
83 verbose headers   'content-encoding': 'gzip',
83 verbose headers   'cache-control': 'max-age=300',
83 verbose headers   'content-length': '1464',
83 verbose headers   'accept-ranges': 'bytes',
83 verbose headers   date: 'Wed, 15 Nov 2017 23:40:00 GMT',
83 verbose headers   via: '1.1 varnish',
83 verbose headers   age: '0',
83 verbose headers   connection: 'keep-alive',
83 verbose headers   'x-served-by': 'cache-gru17126-GRU',
83 verbose headers   'x-cache': 'MISS',
83 verbose headers   'x-cache-hits': '0',
83 verbose headers   'x-timer': 'S1510789201.722985,VS0,VE187',
83 verbose headers   vary: 'Accept-Encoding, Accept' }
84 silly get cb [ 200,
84 silly get   { server: 'nginx/1.10.1',
84 silly get     'content-type': 'application/json',
84 silly get     'last-modified': 'Tue, 25 Jul 2017 03:32:58 GMT',
84 silly get     etag: 'W/"5976bbea-1511"',
84 silly get     'content-encoding': 'gzip',
84 silly get     'cache-control': 'max-age=300',
84 silly get     'content-length': '1464',
84 silly get     'accept-ranges': 'bytes',
84 silly get     date: 'Wed, 15 Nov 2017 23:40:00 GMT',
84 silly get     via: '1.1 varnish',
84 silly get     age: '0',
84 silly get     connection: 'keep-alive',
84 silly get     'x-served-by': 'cache-gru17126-GRU',
84 silly get     'x-cache': 'MISS',
84 silly get     'x-cache-hits': '0',
84 silly get     'x-timer': 'S1510789201.722985,VS0,VE187',
84 silly get     vary: 'Accept-Encoding, Accept' } ]
85 verbose get saving node-bin-setup to C:\Users\mauri\AppData\Roaming\npm-cache\registry.npmjs.org\node-bin-setup\.cache.json
86 verbose correctMkdir C:\Users\mauri\AppData\Roaming\npm-cache correctMkdir not in flight; initializing
87 silly resolveWithNewModule node-bin-setup@1.0.6 checking installable status
88 silly cache add args [ 'node-bin-setup@^1.0.0', null ]
89 verbose cache add spec node-bin-setup@^1.0.0
90 silly cache add parsed spec Result {
90 silly cache add   raw: 'node-bin-setup@^1.0.0',
90 silly cache add   scope: null,
90 silly cache add   escapedName: 'node-bin-setup',
90 silly cache add   name: 'node-bin-setup',
90 silly cache add   rawSpec: '^1.0.0',
90 silly cache add   spec: '>=1.0.0 <2.0.0',
90 silly cache add   type: 'range' }
91 silly addNamed node-bin-setup@>=1.0.0 <2.0.0
92 verbose addNamed ">=1.0.0 <2.0.0" is a valid semver range for node-bin-setup
93 silly addNameRange { name: 'node-bin-setup',
93 silly addNameRange   range: '>=1.0.0 <2.0.0',
93 silly addNameRange   hasData: false }
94 silly mapToRegistry name node-bin-setup
95 silly mapToRegistry using default registry
96 silly mapToRegistry registry https://registry.npmjs.org/
97 silly mapToRegistry data Result {
97 silly mapToRegistry   raw: 'node-bin-setup',
97 silly mapToRegistry   scope: null,
97 silly mapToRegistry   escapedName: 'node-bin-setup',
97 silly mapToRegistry   name: 'node-bin-setup',
97 silly mapToRegistry   rawSpec: '',
97 silly mapToRegistry   spec: 'latest',
97 silly mapToRegistry   type: 'tag' }
98 silly mapToRegistry uri https://registry.npmjs.org/node-bin-setup
99 verbose addNameRange registry:https://registry.npmjs.org/node-bin-setup not in flight; fetching
100 verbose get https://registry.npmjs.org/node-bin-setup not expired, no request
101 silly addNameRange number 2 { name: 'node-bin-setup',
101 silly addNameRange   range: '>=1.0.0 <2.0.0',
101 silly addNameRange   hasData: true }
102 silly addNameRange versions [ 'node-bin-setup',
102 silly addNameRange   [ '1.0.0', '1.0.1', '1.0.2', '1.0.3', '1.0.4', '1.0.6' ] ]
103 silly addNamed node-bin-setup@1.0.6
104 verbose addNamed "1.0.6" is a plain semver version for node-bin-setup
105 silly mapToRegistry name node-bin-setup
106 silly mapToRegistry using default registry
107 silly mapToRegistry registry https://registry.npmjs.org/
108 silly mapToRegistry data Result {
108 silly mapToRegistry   raw: 'node-bin-setup',
108 silly mapToRegistry   scope: null,
108 silly mapToRegistry   escapedName: 'node-bin-setup',
108 silly mapToRegistry   name: 'node-bin-setup',
108 silly mapToRegistry   rawSpec: '',
108 silly mapToRegistry   spec: 'latest',
108 silly mapToRegistry   type: 'tag' }
109 silly mapToRegistry uri https://registry.npmjs.org/node-bin-setup
110 verbose addRemoteTarball https://registry.npmjs.org/node-bin-setup/-/node-bin-setup-1.0.6.tgz not in flight; adding
111 verbose addRemoteTarball [ 'https://registry.npmjs.org/node-bin-setup/-/node-bin-setup-1.0.6.tgz',
111 verbose addRemoteTarball   '4b5c9bb937ece702d7069b36ca78af4684677528' ]
112 info retry fetch attempt 1 at 20:40:02
113 info attempt registry request try #1 at 20:40:02
114 http fetch GET https://registry.npmjs.org/node-bin-setup/-/node-bin-setup-1.0.6.tgz
115 http fetch 200 https://registry.npmjs.org/node-bin-setup/-/node-bin-setup-1.0.6.tgz
116 silly fetchAndShaCheck shasum 4b5c9bb937ece702d7069b36ca78af4684677528
117 verbose addTmpTarball C:\Users\mauri\AppData\Local\Temp\npm-13648-feb92843\registry.npmjs.org\node-bin-setup\-\node-bin-setup-1.0.6.tgz not in flight; adding
118 verbose addTmpTarball already have metadata; skipping unpack for node-bin-setup@1.0.6
119 verbose correctMkdir C:\Users\mauri\AppData\Roaming\npm-cache correctMkdir not in flight; initializing
120 silly cache afterAdd node-bin-setup@1.0.6
121 verbose afterAdd C:\Users\mauri\AppData\Roaming\npm-cache\node-bin-setup\1.0.6\package\package.json not in flight; writing
122 verbose correctMkdir C:\Users\mauri\AppData\Roaming\npm-cache correctMkdir not in flight; initializing
123 verbose afterAdd C:\Users\mauri\AppData\Roaming\npm-cache\node-bin-setup\1.0.6\package\package.json written
124 silly loadAllDepsIntoIdealTree Finishing
125 silly loadIdealTree Finishing
126 silly currentTree Backend@1.0.0
126 silly currentTree +-- accepts@1.3.4
126 silly currentTree +-- array-flatten@1.1.1
126 silly currentTree +-- async@2.1.4
126 silly currentTree +-- bluebird@3.5.1
126 silly currentTree +-- body-parser@1.18.2
126 silly currentTree +-- bson@1.0.4
126 silly currentTree +-- buffer-shims@1.0.0
126 silly currentTree +-- bytes@3.0.0
126 silly currentTree +-- content-disposition@0.5.2
126 silly currentTree +-- content-type@1.0.4
126 silly currentTree +-- cookie-signature@1.0.6
126 silly currentTree +-- cookie@0.3.1
126 silly currentTree +-- core-util-is@1.0.2
126 silly currentTree +-- cors@2.8.4
126 silly currentTree +-- debug@2.6.9
126 silly currentTree +-- depd@1.1.1
126 silly currentTree +-- destroy@1.0.4
126 silly currentTree +-- ee-first@1.1.1
126 silly currentTree +-- encodeurl@1.0.1
126 silly currentTree +-- es6-promise@3.2.1
126 silly currentTree +-- escape-html@1.0.3
126 silly currentTree +-- etag@1.8.1
126 silly currentTree +-- express@4.16.2
126 silly currentTree | +-- setprototypeof@1.1.0
126 silly currentTree | `-- statuses@1.3.1
126 silly currentTree +-- finalhandler@1.1.0
126 silly currentTree | `-- statuses@1.3.1
126 silly currentTree +-- forwarded@0.1.2
126 silly currentTree +-- fresh@0.5.2
126 silly currentTree +-- hooks-fixed@2.0.2
126 silly currentTree +-- http-errors@1.6.2
126 silly currentTree +-- iconv-lite@0.4.19
126 silly currentTree +-- inherits@2.0.3
126 silly currentTree +-- ipaddr.js@1.5.2
126 silly currentTree +-- isarray@1.0.0
126 silly currentTree +-- kareem@1.5.0
126 silly currentTree +-- lodash.get@4.4.2
126 silly currentTree +-- lodash@4.17.4
126 silly currentTree +-- media-typer@0.3.0
126 silly currentTree +-- merge-descriptors@1.0.1
126 silly currentTree +-- method-override@2.3.10
126 silly currentTree +-- methods@1.1.2
126 silly currentTree +-- mime-db@1.30.0
126 silly currentTree +-- mime-types@2.1.17
126 silly currentTree +-- mime@1.4.1
126 silly currentTree +-- mongodb-core@2.1.17
126 silly currentTree +-- mongodb@2.2.33
126 silly currentTree +-- mongoose@4.13.0
126 silly currentTree +-- mpath@0.3.0
126 silly currentTree +-- mpromise@0.5.5
126 silly currentTree +-- mquery@2.3.2
126 silly currentTree | `-- sliced@0.0.5
126 silly currentTree +-- ms@2.0.0
126 silly currentTree +-- muri@1.3.0
126 silly currentTree +-- negotiator@0.6.1
126 silly currentTree +-- object-assign@4.1.1
126 silly currentTree +-- on-finished@2.3.0
126 silly currentTree +-- parseurl@1.3.2
126 silly currentTree +-- path-to-regexp@0.1.7
126 silly currentTree +-- process-nextick-args@1.0.7
126 silly currentTree +-- proxy-addr@2.0.2
126 silly currentTree +-- qs@6.5.1
126 silly currentTree +-- range-parser@1.2.0
126 silly currentTree +-- raw-body@2.3.2
126 silly currentTree +-- readable-stream@2.2.7
126 silly currentTree +-- regexp-clone@0.0.1
126 silly currentTree +-- require_optional@1.0.1
126 silly currentTree +-- resolve-from@2.0.0
126 silly currentTree +-- safe-buffer@5.1.1
126 silly currentTree +-- semver@5.4.1
126 silly currentTree +-- send@0.16.1
126 silly currentTree | `-- statuses@1.3.1
126 silly currentTree +-- serve-static@1.13.1
126 silly currentTree +-- setprototypeof@1.0.3
126 silly currentTree +-- sliced@1.0.1
126 silly currentTree +-- statuses@1.4.0
126 silly currentTree +-- string_decoder@1.0.3
126 silly currentTree +-- type-is@1.6.15
126 silly currentTree +-- unpipe@1.0.0
126 silly currentTree +-- util-deprecate@1.0.2
126 silly currentTree +-- utils-merge@1.0.1
126 silly currentTree `-- vary@1.1.2
127 silly idealTree Backend@1.0.0
127 silly idealTree +-- accepts@1.3.4
127 silly idealTree +-- array-flatten@1.1.1
127 silly idealTree +-- async@2.1.4
127 silly idealTree +-- bluebird@3.5.1
127 silly idealTree +-- body-parser@1.18.2
127 silly idealTree +-- bson@1.0.4
127 silly idealTree +-- buffer-shims@1.0.0
127 silly idealTree +-- bytes@3.0.0
127 silly idealTree +-- content-disposition@0.5.2
127 silly idealTree +-- content-type@1.0.4
127 silly idealTree +-- cookie-signature@1.0.6
127 silly idealTree +-- cookie@0.3.1
127 silly idealTree +-- core-util-is@1.0.2
127 silly idealTree +-- cors@2.8.4
127 silly idealTree +-- debug@2.6.9
127 silly idealTree +-- depd@1.1.1
127 silly idealTree +-- destroy@1.0.4
127 silly idealTree +-- ee-first@1.1.1
127 silly idealTree +-- encodeurl@1.0.1
127 silly idealTree +-- es6-promise@3.2.1
127 silly idealTree +-- escape-html@1.0.3
127 silly idealTree +-- etag@1.8.1
127 silly idealTree +-- express@4.16.2
127 silly idealTree | +-- setprototypeof@1.1.0
127 silly idealTree | `-- statuses@1.3.1
127 silly idealTree +-- finalhandler@1.1.0
127 silly idealTree | `-- statuses@1.3.1
127 silly idealTree +-- forwarded@0.1.2
127 silly idealTree +-- fresh@0.5.2
127 silly idealTree +-- hooks-fixed@2.0.2
127 silly idealTree +-- http-errors@1.6.2
127 silly idealTree +-- iconv-lite@0.4.19
127 silly idealTree +-- inherits@2.0.3
127 silly idealTree +-- ipaddr.js@1.5.2
127 silly idealTree +-- isarray@1.0.0
127 silly idealTree +-- kareem@1.5.0
127 silly idealTree +-- lodash.get@4.4.2
127 silly idealTree +-- lodash@4.17.4
127 silly idealTree +-- media-typer@0.3.0
127 silly idealTree +-- merge-descriptors@1.0.1
127 silly idealTree +-- method-override@2.3.10
127 silly idealTree +-- methods@1.1.2
127 silly idealTree +-- mime-db@1.30.0
127 silly idealTree +-- mime-types@2.1.17
127 silly idealTree +-- mime@1.4.1
127 silly idealTree +-- mongodb-core@2.1.17
127 silly idealTree +-- mongodb@2.2.33
127 silly idealTree +-- mongoose@4.13.0
127 silly idealTree +-- mpath@0.3.0
127 silly idealTree +-- mpromise@0.5.5
127 silly idealTree +-- mquery@2.3.2
127 silly idealTree | `-- sliced@0.0.5
127 silly idealTree +-- ms@2.0.0
127 silly idealTree +-- muri@1.3.0
127 silly idealTree +-- negotiator@0.6.1
127 silly idealTree +-- node-bin-setup@1.0.6
127 silly idealTree +-- node@9.1.0
127 silly idealTree +-- object-assign@4.1.1
127 silly idealTree +-- on-finished@2.3.0
127 silly idealTree +-- parseurl@1.3.2
127 silly idealTree +-- path-to-regexp@0.1.7
127 silly idealTree +-- process-nextick-args@1.0.7
127 silly idealTree +-- proxy-addr@2.0.2
127 silly idealTree +-- qs@6.5.1
127 silly idealTree +-- range-parser@1.2.0
127 silly idealTree +-- raw-body@2.3.2
127 silly idealTree +-- readable-stream@2.2.7
127 silly idealTree +-- regexp-clone@0.0.1
127 silly idealTree +-- require_optional@1.0.1
127 silly idealTree +-- resolve-from@2.0.0
127 silly idealTree +-- safe-buffer@5.1.1
127 silly idealTree +-- semver@5.4.1
127 silly idealTree +-- send@0.16.1
127 silly idealTree | `-- statuses@1.3.1
127 silly idealTree +-- serve-static@1.13.1
127 silly idealTree +-- setprototypeof@1.0.3
127 silly idealTree +-- sliced@1.0.1
127 silly idealTree +-- statuses@1.4.0
127 silly idealTree +-- string_decoder@1.0.3
127 silly idealTree +-- type-is@1.6.15
127 silly idealTree +-- unpipe@1.0.0
127 silly idealTree +-- util-deprecate@1.0.2
127 silly idealTree +-- utils-merge@1.0.1
127 silly idealTree `-- vary@1.1.2
128 silly generateActionsToTake Starting
129 silly install generateActionsToTake
130 silly generateActionsToTake Finishing
131 silly diffTrees action count 2
132 silly diffTrees add node-bin-setup@1.0.6
133 silly diffTrees add node@9.1.0
134 silly decomposeActions action count 16
135 silly decomposeActions fetch node-bin-setup@1.0.6
136 silly decomposeActions extract node-bin-setup@1.0.6
137 silly decomposeActions test node-bin-setup@1.0.6
138 silly decomposeActions preinstall node-bin-setup@1.0.6
139 silly decomposeActions build node-bin-setup@1.0.6
140 silly decomposeActions install node-bin-setup@1.0.6
141 silly decomposeActions postinstall node-bin-setup@1.0.6
142 silly decomposeActions finalize node-bin-setup@1.0.6
143 silly decomposeActions fetch node@9.1.0
144 silly decomposeActions extract node@9.1.0
145 silly decomposeActions test node@9.1.0
146 silly decomposeActions preinstall node@9.1.0
147 silly decomposeActions build node@9.1.0
148 silly decomposeActions install node@9.1.0
149 silly decomposeActions postinstall node@9.1.0
150 silly decomposeActions finalize node@9.1.0
151 silly runTopLevelLifecycles Starting
152 silly executeActions Starting
153 silly install executeActions
154 silly doSerial global-install 0
155 silly doParallel fetch 2
156 verbose correctMkdir C:\Users\mauri\AppData\Roaming\npm-cache\_locks correctMkdir not in flight; initializing
157 verbose lock using C:\Users\mauri\AppData\Roaming\npm-cache\_locks\staging-0b442fb087fcf488.lock for D:\Users\mauri\TP2-Express\Backend\node_modules\.staging
158 silly doParallel extract 2
159 silly extract node-bin-setup@1.0.6
160 silly extract node@9.1.0
161 verbose unbuild node_modules\.staging\node-bin-setup-aa6b5365
162 verbose unbuild node_modules\.staging\node-9621b290
163 silly gentlyRm D:\Users\mauri\TP2-Express\Backend\node_modules\.staging\node-bin-setup-aa6b5365 is being purged from base D:\Users\mauri\TP2-Express\Backend
164 verbose gentlyRm don't care about contents; nuking D:\Users\mauri\TP2-Express\Backend\node_modules\.staging\node-bin-setup-aa6b5365
165 silly gentlyRm D:\Users\mauri\TP2-Express\Backend\node_modules\.staging\node-9621b290 is being purged from base D:\Users\mauri\TP2-Express\Backend
166 verbose gentlyRm don't care about contents; nuking D:\Users\mauri\TP2-Express\Backend\node_modules\.staging\node-9621b290
167 verbose tar unpack C:\Users\mauri\AppData\Roaming\npm-cache\node-bin-setup\1.0.6\package.tgz
168 verbose tar unpacking to D:\Users\mauri\TP2-Express\Backend\node_modules\.staging\node-bin-setup-aa6b5365
169 silly gentlyRm D:\Users\mauri\TP2-Express\Backend\node_modules\.staging\node-bin-setup-aa6b5365 is being purged
170 verbose gentlyRm don't care about contents; nuking D:\Users\mauri\TP2-Express\Backend\node_modules\.staging\node-bin-setup-aa6b5365
171 verbose tar unpack C:\Users\mauri\AppData\Roaming\npm-cache\node\9.1.0\package.tgz
172 verbose tar unpacking to D:\Users\mauri\TP2-Express\Backend\node_modules\.staging\node-9621b290
173 silly gentlyRm D:\Users\mauri\TP2-Express\Backend\node_modules\.staging\node-9621b290 is being purged
174 verbose gentlyRm don't care about contents; nuking D:\Users\mauri\TP2-Express\Backend\node_modules\.staging\node-9621b290
175 silly gunzTarPerm modes [ '777', '666' ]
176 silly gunzTarPerm modes [ '777', '666' ]
177 silly gunzTarPerm extractEntry package.json
178 silly gunzTarPerm modified mode [ 'package.json', 420, 438 ]
179 silly gunzTarPerm extractEntry package.json
180 silly gunzTarPerm modified mode [ 'package.json', 420, 438 ]
181 silly gunzTarPerm extractEntry index.js
182 silly gunzTarPerm modified mode [ 'index.js', 420, 438 ]
183 silly gunzTarPerm extractEntry installArchSpecificPackage.js
184 silly gunzTarPerm modified mode [ 'installArchSpecificPackage.js', 420, 438 ]
185 silly gunzTarPerm extractEntry README.md
186 silly gunzTarPerm modified mode [ 'README.md', 420, 438 ]
187 silly gentlyRm D:\Users\mauri\TP2-Express\Backend\node_modules\.staging\node-bin-setup-aa6b5365\node_modules is being purged
188 verbose gentlyRm don't care about contents; nuking D:\Users\mauri\TP2-Express\Backend\node_modules\.staging\node-bin-setup-aa6b5365\node_modules
189 silly gentlyRm D:\Users\mauri\TP2-Express\Backend\node_modules\.staging\node-9621b290\node_modules is being purged
190 verbose gentlyRm don't care about contents; nuking D:\Users\mauri\TP2-Express\Backend\node_modules\.staging\node-9621b290\node_modules
191 silly doParallel preinstall 2
192 silly preinstall node-bin-setup@1.0.6 D:\Users\mauri\TP2-Express\Backend\node_modules\.staging\node-bin-setup-aa6b5365
193 info lifecycle node-bin-setup@1.0.6~preinstall: node-bin-setup@1.0.6
194 silly preinstall node@9.1.0 D:\Users\mauri\TP2-Express\Backend\node_modules\.staging\node-9621b290
195 info lifecycle node@9.1.0~preinstall: node@9.1.0
196 silly lifecycle node-bin-setup@1.0.6~preinstall: no script for preinstall, continuing
197 verbose lifecycle node@9.1.0~preinstall: unsafe-perm in lifecycle true
198 verbose lifecycle node@9.1.0~preinstall: PATH: D:\Program Files\nodejs\node_modules\npm\bin\node-gyp-bin;D:\Users\mauri\TP2-Express\Backend\node_modules\.staging\node-9621b290\node_modules\.bin;D:\Users\mauri\TP2-Express\Backend\node_modules\.bin;C:\Users\mauri\bin;C:\Program Files\Git\mingw64\bin;C:\Program Files\Git\usr\local\bin;C:\Program Files\Git\usr\bin;C:\Program Files\Git\usr\bin;C:\Program Files\Git\mingw64\bin;C:\Program Files\Git\usr\bin;C:\Users\mauri\bin;C:\ProgramData\Oracle\Java\javapath;C:\Program Files (x86)\Intel\iCLS Client;C:\Program Files\Intel\iCLS Client;C:\Windows\system32;C:\Windows;C:\Windows\System32\Wbem;C:\Windows\System32\WindowsPowerShell\v1.0;C:\Program Files (x86)\Intel\Intel(R) Management Engine Components\DAL;C:\Program Files\Intel\Intel(R) Management Engine Components\DAL;C:\Program Files (x86)\Intel\Intel(R) Management Engine Components\IPT;C:\Program Files\Intel\Intel(R) Management Engine Components\IPT;C:\Program Files (x86)\NVIDIA Corporation\PhysX\Common;C:\Program Files (x86)\Skype\Phone;C:\Program Files\Intel\WiFi\bin;C:\Program Files\Common Files\Intel\WirelessCommon;C:\Program Files\Git\cmd;C:\WINDOWS\system32;C:\WINDOWS;C:\WINDOWS\System32\Wbem;C:\WINDOWS\System32\WindowsPowerShell\v1.0;D:\Program Files\nodejs;C:\Users\mauri\AppData\Local\Microsoft\WindowsApps;C:\Users\mauri\AppData\Local\Microsoft\WindowsApps;C:\Users\mauri\AppData\Roaming\npm;D:\Program Files\Microsoft VS Code\bin;C:\Users\mauri\AppData\Local\GitHubDesktop\bin;C:\Program Files\Git\usr\bin\vendor_perl;C:\Program Files\Git\usr\bin\core_perl
199 verbose lifecycle node@9.1.0~preinstall: CWD: D:\Users\mauri\TP2-Express\Backend\node_modules\.staging\node-9621b290
200 silly lifecycle node@9.1.0~preinstall: Args: [ '/d /s /c', 'node installArchSpecificPackage' ]
201 silly lifecycle node@9.1.0~preinstall: Returned: code: 1  signal: null
202 info lifecycle node@9.1.0~preinstall: Failed to exec preinstall script
203 verbose unlock done using C:\Users\mauri\AppData\Roaming\npm-cache\_locks\staging-0b442fb087fcf488.lock for D:\Users\mauri\TP2-Express\Backend\node_modules\.staging
204 silly rollbackFailedOptional Starting
205 silly rollbackFailedOptional Finishing
206 silly runTopLevelLifecycles Finishing
207 silly install printInstalled
208 warn Backend@1.0.0 No repository field.
209 verbose If you need help, you may report this error at:
209 verbose     <https://github.com/npm/npm/issues>
210 verbose stack Error: node@9.1.0 preinstall: `node installArchSpecificPackage`
210 verbose stack Exit status 1
210 verbose stack     at EventEmitter.<anonymous> (D:\Program Files\nodejs\node_modules\npm\lib\utils\lifecycle.js:255:16)
210 verbose stack     at emitTwo (events.js:106:13)
210 verbose stack     at EventEmitter.emit (events.js:191:7)
210 verbose stack     at ChildProcess.<anonymous> (D:\Program Files\nodejs\node_modules\npm\lib\utils\spawn.js:40:14)
210 verbose stack     at emitTwo (events.js:106:13)
210 verbose stack     at ChildProcess.emit (events.js:191:7)
210 verbose stack     at maybeClose (internal/child_process.js:891:16)
210 verbose stack     at Process.ChildProcess._handle.onexit (internal/child_process.js:226:5)
211 verbose pkgid node@9.1.0
212 verbose cwd D:\Users\mauri\TP2-Express\Backend
213 error Windows_NT 10.0.15063
214 error argv "D:\\Program Files\\nodejs\\node.exe" "D:\\Program Files\\nodejs\\node_modules\\npm\\bin\\npm-cli.js" "install" "node"
215 error node v6.11.2
216 error npm  v3.10.10
217 error code ELIFECYCLE
218 error node@9.1.0 preinstall: `node installArchSpecificPackage`
218 error Exit status 1
219 error Failed at the node@9.1.0 preinstall script 'node installArchSpecificPackage'.
219 error Make sure you have the latest version of node.js and npm installed.
219 error If you do, this is most likely a problem with the node package,
219 error not with npm itself.
219 error Tell the author that this fails on your system:
219 error     node installArchSpecificPackage
219 error You can get information on how to open an issue for this project with:
219 error     npm bugs node
219 error Or if that isn't available, you can get their info via:
219 error     npm owner ls node
219 error There is likely additional logging output above.
220 verbose exit [ 1, true ]
